<?xml version="1.0" encoding="UTF-8"?>
<!-- Generated by org.testng.reporters.JUnitXMLReporter -->
<testsuite ignored="0" hostname="Hassan-Ka" failures="0" tests="4" name="Default test" time="11.374" errors="0" timestamp="2022-11-12T12:19:57 EST">
  <testcase classname="assignment_11_6th.AutomationPractice_Signup_usingassertAndwait" name="launchinghomepage" time="5.234"/>
  <testcase classname="assignment_11_6th.AutomationPractice_Signup_usingassertAndwait" name="clicksignin" time="0.707"/>
  <testcase classname="assignment_11_6th.AutomationPractice_Signup_usingassertAndwait" name="signup" time="0.188"/>
  <testcase classname="assignment_11_6th.AutomationPractice_Signup_usingassertAndwait" name="signupform" time="2.01"/>
</testsuite> <!-- Default test -->
