<?xml version="1.0" encoding="UTF-8"?>
<testng-results ignored="0" total="4" passed="4" failed="0" skipped="0">
  <reporter-output>
  </reporter-output>
  <suite started-at="2022-11-12T12:19:46 EST" name="Default suite" finished-at="2022-11-12T12:19:57 EST" duration-ms="11374">
    <groups>
    </groups>
    <test started-at="2022-11-12T12:19:46 EST" name="Default test" finished-at="2022-11-12T12:19:57 EST" duration-ms="11374">
      <class name="assignment_11_6th.AutomationPractice_Signup_usingassertAndwait">
        <test-method is-config="true" signature="BrowserSetup()[pri:0, instance:assignment_11_6th.AutomationPractice_Signup_usingassertAndwait@7db12bb6]" started-at="2022-11-12T12:19:46 EST" name="BrowserSetup" finished-at="2022-11-12T12:19:49 EST" duration-ms="2831" status="PASS">
          <reporter-output>
          </reporter-output>
        </test-method> <!-- BrowserSetup -->
        <test-method signature="launchinghomepage()[pri:1, instance:assignment_11_6th.AutomationPractice_Signup_usingassertAndwait@7db12bb6]" started-at="2022-11-12T12:19:49 EST" name="launchinghomepage" finished-at="2022-11-12T12:19:54 EST" duration-ms="5234" status="PASS">
          <reporter-output>
          </reporter-output>
        </test-method> <!-- launchinghomepage -->
        <test-method signature="clicksignin()[pri:2, instance:assignment_11_6th.AutomationPractice_Signup_usingassertAndwait@7db12bb6]" started-at="2022-11-12T12:19:54 EST" name="clicksignin" finished-at="2022-11-12T12:19:55 EST" duration-ms="707" status="PASS">
          <reporter-output>
          </reporter-output>
        </test-method> <!-- clicksignin -->
        <test-method signature="signup()[pri:3, instance:assignment_11_6th.AutomationPractice_Signup_usingassertAndwait@7db12bb6]" started-at="2022-11-12T12:19:55 EST" name="signup" finished-at="2022-11-12T12:19:55 EST" duration-ms="188" status="PASS">
          <reporter-output>
          </reporter-output>
        </test-method> <!-- signup -->
        <test-method signature="signupform()[pri:4, instance:assignment_11_6th.AutomationPractice_Signup_usingassertAndwait@7db12bb6]" started-at="2022-11-12T12:19:55 EST" name="signupform" finished-at="2022-11-12T12:19:57 EST" duration-ms="2010" status="PASS">
          <reporter-output>
          </reporter-output>
        </test-method> <!-- signupform -->
        <test-method is-config="true" signature="quit()[pri:0, instance:assignment_11_6th.AutomationPractice_Signup_usingassertAndwait@7db12bb6]" started-at="2022-11-12T12:19:57 EST" name="quit" finished-at="2022-11-12T12:19:57 EST" duration-ms="306" status="PASS">
          <reporter-output>
          </reporter-output>
        </test-method> <!-- quit -->
      </class> <!-- assignment_11_6th.AutomationPractice_Signup_usingassertAndwait -->
    </test> <!-- Default test -->
  </suite> <!-- Default suite -->
</testng-results>
